This file contains any messages produced by compilers while
running configure, to aid debugging if configure makes a mistake.

It was created by configure, which was
generated by GNU Autoconf 2.71.  Invocation command line was

  $ ./configure

## --------- ##
## Platform. ##
## --------- ##

hostname = kali
uname -m = x86_64
uname -r = 5.18.0-kali5-amd64
uname -s = Linux
uname -v = #1 SMP PREEMPT_DYNAMIC Debian 5.18.5-1kali6 (2022-07-07)

/usr/bin/uname -p = unknown
/bin/uname -X     = unknown

/bin/arch              = x86_64
/usr/bin/arch -k       = unknown
/usr/convex/getsysinfo = unknown
/usr/bin/hostinfo      = unknown
/bin/machine           = unknown
/usr/bin/oslevel       = unknown
/bin/universe          = unknown

PATH: /usr/local/sbin/
PATH: /usr/local/bin/
PATH: /usr/sbin/
PATH: /usr/bin/
PATH: /sbin/
PATH: /bin/


## ----------- ##
## Core tests. ##
## ----------- ##

configure:2365: looking for aux files: ltmain.sh config.guess config.sub
configure:2378:  trying ./build/
configure:2407:   ./build/ltmain.sh found
configure:2407:   ./build/config.guess found
configure:2407:   ./build/config.sub found
configure:2524: checking for grep that handles long lines and -e
configure:2588: result: /usr/bin/grep
configure:2593: checking for egrep
configure:2661: result: /usr/bin/grep -E
configure:2666: checking for a sed that does not truncate output
configure:2736: result: /usr/bin/sed
configure:2880: checking for pkg-config
configure:2903: found /usr/bin/pkg-config
configure:2915: result: /usr/bin/pkg-config
configure:2940: checking pkg-config is at least version 0.9.0
configure:2943: result: yes
configure:3019: checking for cc
configure:3040: found /usr/bin/cc
configure:3051: result: cc
configure:3082: checking for C compiler version
configure:3091: cc --version >&5
cc (Debian 11.3.0-5) 11.3.0
Copyright (C) 2021 Free Software Foundation, Inc.
This is free software; see the source for copying conditions.  There is NO
warranty; not even for MERCHANTABILITY or FITNESS FOR A PARTICULAR PURPOSE.

configure:3102: $? = 0
configure:3091: cc -v >&5
Using built-in specs.
COLLECT_GCC=cc
COLLECT_LTO_WRAPPER=/usr/lib/gcc/x86_64-linux-gnu/11/lto-wrapper
OFFLOAD_TARGET_NAMES=nvptx-none:amdgcn-amdhsa
OFFLOAD_TARGET_DEFAULT=1
Target: x86_64-linux-gnu
Configured with: ../src/configure -v --with-pkgversion='Debian 11.3.0-5' --with-bugurl=file:///usr/share/doc/gcc-11/README.Bugs --enable-languages=c,ada,c++,go,brig,d,fortran,objc,obj-c++,m2 --prefix=/usr --with-gcc-major-version-only --program-suffix=-11 --program-prefix=x86_64-linux-gnu- --enable-shared --enable-linker-build-id --libexecdir=/usr/lib --without-included-gettext --enable-threads=posix --libdir=/usr/lib --enable-nls --enable-bootstrap --enable-clocale=gnu --enable-libstdcxx-debug --enable-libstdcxx-time=yes --with-default-libstdcxx-abi=new --enable-gnu-unique-object --disable-vtable-verify --enable-plugin --enable-default-pie --with-system-zlib --enable-libphobos-checking=release --with-target-system-zlib=auto --enable-objc-gc=auto --enable-multiarch --disable-werror --enable-cet --with-arch-32=i686 --with-abi=m64 --with-multilib-list=m32,m64,mx32 --enable-multilib --with-tune=generic --enable-offload-targets=nvptx-none=/build/gcc-11-VvtjMP/gcc-11-11.3.0/debian/tmp-nvptx/usr,amdgcn-amdhsa=/build/gcc-11-VvtjMP/gcc-11-11.3.0/debian/tmp-gcn/usr --without-cuda-driver --enable-checking=release --build=x86_64-linux-gnu --host=x86_64-linux-gnu --target=x86_64-linux-gnu --with-build-config=bootstrap-lto-lean --enable-link-serialization=2
Thread model: posix
Supported LTO compression algorithms: zlib zstd
gcc version 11.3.0 (Debian 11.3.0-5) 
... rest of stderr output deleted ...
configure:3102: $? = 0
configure:3091: cc -V >&5
cc: error: unrecognized command-line option '-V'
cc: fatal error: no input files
compilation terminated.
configure:3102: $? = 1
configure:3091: cc -qversion >&5
cc: error: unrecognized command-line option '-qversion'; did you mean '--version'?
cc: fatal error: no input files
compilation terminated.
configure:3102: $? = 1
configure:3091: cc -version >&5
cc: error: unrecognized command-line option '-version'
cc: fatal error: no input files
compilation terminated.
configure:3102: $? = 1
configure:3122: checking whether the C compiler works
configure:3144: cc    conftest.c  >&5
configure:3148: $? = 0
configure:3198: result: yes
configure:3201: checking for C compiler default output file name
configure:3203: result: a.out
configure:3209: checking for suffix of executables
configure:3216: cc -o conftest    conftest.c  >&5
configure:3220: $? = 0
configure:3243: result: 
configure:3265: checking whether we are cross compiling
configure:3273: cc -o conftest    conftest.c  >&5
configure:3277: $? = 0
configure:3284: ./conftest
configure:3288: $? = 0
configure:3303: result: no
configure:3308: checking for suffix of object files
configure:3331: cc -c   conftest.c >&5
configure:3335: $? = 0
configure:3357: result: o
configure:3361: checking whether the compiler supports GNU C
configure:3381: cc -c   conftest.c >&5
configure:3381: $? = 0
configure:3391: result: yes
configure:3402: checking whether cc accepts -g
configure:3423: cc -c -g  conftest.c >&5
configure:3423: $? = 0
configure:3467: result: yes
configure:3487: checking for cc option to enable C11 features
configure:3502: cc  -c -g -O2  conftest.c >&5
configure:3502: $? = 0
configure:3520: result: none needed
configure:3636: checking how to run the C preprocessor
configure:3662: cc -E  conftest.c
configure:3662: $? = 0
configure:3677: cc -E  conftest.c
conftest.c:9:10: fatal error: ac_nonexistent.h: No such file or directory
    9 | #include <ac_nonexistent.h>
      |          ^~~~~~~~~~~~~~~~~~
compilation terminated.
configure:3677: $? = 1
configure: failed program was:
| /* confdefs.h */
| #define PACKAGE_NAME ""
| #define PACKAGE_TARNAME ""
| #define PACKAGE_VERSION ""
| #define PACKAGE_STRING ""
| #define PACKAGE_BUGREPORT ""
| #define PACKAGE_URL ""
| /* end confdefs.h.  */
| #include <ac_nonexistent.h>
configure:3704: result: cc -E
configure:3718: cc -E  conftest.c
configure:3718: $? = 0
configure:3733: cc -E  conftest.c
conftest.c:9:10: fatal error: ac_nonexistent.h: No such file or directory
    9 | #include <ac_nonexistent.h>
      |          ^~~~~~~~~~~~~~~~~~
compilation terminated.
configure:3733: $? = 1
configure: failed program was:
| /* confdefs.h */
| #define PACKAGE_NAME ""
| #define PACKAGE_TARNAME ""
| #define PACKAGE_VERSION ""
| #define PACKAGE_STRING ""
| #define PACKAGE_BUGREPORT ""
| #define PACKAGE_URL ""
| /* end confdefs.h.  */
| #include <ac_nonexistent.h>
configure:3766: checking for icc
configure:3776: result: no
configure:3790: checking for suncc
configure:3800: result: no
configure:3818: checking for system library directory
configure:3834: result: lib
configure:3841: checking if compiler supports -Wl,-rpath,
configure:3861: cc -o conftest -g -O2   conftest.c -Wl,-rpath,/usr/lib  >&5
configure:3861: $? = 0
configure:3872: result: yes
configure:3927: checking build system type
configure:3942: result: x86_64-pc-linux-gnu
configure:3962: checking host system type
configure:3976: result: x86_64-pc-linux-gnu
configure:3996: checking target system type
configure:4010: result: x86_64-pc-linux-gnu
configure:4114: checking for PHP prefix
configure:4116: result: /usr
configure:4118: checking for PHP includes
configure:4120: result: -I/usr/include/php/20210902 -I/usr/include/php/20210902/main -I/usr/include/php/20210902/TSRM -I/usr/include/php/20210902/Zend -I/usr/include/php/20210902/ext -I/usr/include/php/20210902/ext/date/lib
configure:4122: checking for PHP extension directory
configure:4124: result: /usr/lib/php/20210902
configure:4126: checking for PHP installed headers prefix
configure:4128: result: /usr/include/php/20210902
configure:4131: checking if debug is enabled
configure:4158: result: no
configure:4161: checking if zts is enabled
configure:4188: result: no
configure:4256: checking for gawk
configure:4278: found /usr/bin/gawk
configure:4289: result: gawk
configure:4333: checking whether to enable VLD support
configure:4373: result: yes, shared
configure:4382: checking whether to enable VLD developer build flags
configure:4397: result: no
configure:4404: checking Check for supported PHP versions
configure:4411: result: supported (8.1.12)
configure:4853: checking how to print strings
configure:4880: result: printf
configure:4901: checking for a sed that does not truncate output
configure:4971: result: /usr/bin/sed
configure:4989: checking for fgrep
configure:5057: result: /usr/bin/grep -F
configure:5093: checking for ld used by cc
configure:5161: result: /usr/bin/ld
configure:5168: checking if the linker (/usr/bin/ld) is GNU ld
configure:5184: result: yes
configure:5196: checking for BSD- or MS-compatible name lister (nm)
configure:5251: result: /usr/bin/nm -B
configure:5391: checking the name lister (/usr/bin/nm -B) interface
configure:5399: cc -c -g -O2  conftest.c >&5
configure:5402: /usr/bin/nm -B "conftest.o"
configure:5405: output
0000000000000000 B some_variable
configure:5412: result: BSD nm
configure:5415: checking whether ln -s works
configure:5419: result: yes
configure:5427: checking the maximum length of command line arguments
configure:5559: result: 1572864
configure:5607: checking how to convert x86_64-pc-linux-gnu file names to x86_64-pc-linux-gnu format
configure:5648: result: func_convert_file_noop
configure:5655: checking how to convert x86_64-pc-linux-gnu file names to toolchain format
configure:5676: result: func_convert_file_noop
configure:5683: checking for /usr/bin/ld option to reload object files
configure:5691: result: -r
configure:5770: checking for file
configure:5791: found /usr/bin/file
configure:5802: result: file
configure:5878: checking for objdump
configure:5899: found /usr/bin/objdump
configure:5910: result: objdump
configure:5942: checking how to recognize dependent libraries
configure:6143: result: pass_all
configure:6233: checking for dlltool
configure:6268: result: no
configure:6298: checking how to associate runtime and link libraries
configure:6326: result: printf %s\n
configure:6391: checking for ar
configure:6412: found /usr/bin/ar
configure:6423: result: ar
configure:6476: checking for archiver @FILE support
configure:6494: cc -c -g -O2  conftest.c >&5
configure:6494: $? = 0
configure:6498: ar cr libconftest.a @conftest.lst >&5
configure:6501: $? = 0
configure:6506: ar cr libconftest.a @conftest.lst >&5
ar: conftest.o: No such file or directory
configure:6509: $? = 1
configure:6521: result: @
configure:6584: checking for strip
configure:6605: found /usr/bin/strip
configure:6616: result: strip
configure:6693: checking for ranlib
configure:6714: found /usr/bin/ranlib
configure:6725: result: ranlib
configure:6802: checking for gawk
configure:6834: result: gawk
configure:6874: checking command to parse /usr/bin/nm -B output from cc object
configure:7028: cc -c -g -O2  conftest.c >&5
configure:7031: $? = 0
configure:7035: /usr/bin/nm -B conftest.o | /usr/bin/sed -n -e 's/^.*[	 ]\([ABCDGIRSTW][ABCDGIRSTW]*\)[	 ][	 ]*\([_A-Za-z][_A-Za-z0-9]*\)$/\1 \2 \2/p' | /usr/bin/sed '/ __gnu_lto/d' > conftest.nm
configure:7101: cc -o conftest -g -O2   conftest.c conftstm.o >&5
configure:7104: $? = 0
configure:7142: result: ok
configure:7189: checking for sysroot
configure:7220: result: no
configure:7227: checking for a working dd
configure:7271: result: /usr/bin/dd
configure:7275: checking how to truncate binary pipes
configure:7291: result: /usr/bin/dd bs=4096 count=1
configure:7428: cc -c -g -O2  conftest.c >&5
configure:7431: $? = 0
configure:7628: checking for mt
configure:7649: found /usr/bin/mt
configure:7660: result: mt
configure:7683: checking if mt is a manifest tool
configure:7690: mt '-?'
configure:7698: result: no
configure:8423: checking for stdio.h
configure:8423: cc -c -g -O2  conftest.c >&5
configure:8423: $? = 0
configure:8423: result: yes
configure:8423: checking for stdlib.h
configure:8423: cc -c -g -O2  conftest.c >&5
configure:8423: $? = 0
configure:8423: result: yes
configure:8423: checking for string.h
configure:8423: cc -c -g -O2  conftest.c >&5
configure:8423: $? = 0
configure:8423: result: yes
configure:8423: checking for inttypes.h
configure:8423: cc -c -g -O2  conftest.c >&5
configure:8423: $? = 0
configure:8423: result: yes
configure:8423: checking for stdint.h
configure:8423: cc -c -g -O2  conftest.c >&5
configure:8423: $? = 0
configure:8423: result: yes
configure:8423: checking for strings.h
configure:8423: cc -c -g -O2  conftest.c >&5
configure:8423: $? = 0
configure:8423: result: yes
configure:8423: checking for sys/stat.h
configure:8423: cc -c -g -O2  conftest.c >&5
configure:8423: $? = 0
configure:8423: result: yes
configure:8423: checking for sys/types.h
configure:8423: cc -c -g -O2  conftest.c >&5
configure:8423: $? = 0
configure:8423: result: yes
configure:8423: checking for unistd.h
configure:8423: cc -c -g -O2  conftest.c >&5
configure:8423: $? = 0
configure:8423: result: yes
configure:8448: checking for dlfcn.h
configure:8448: cc -c -g -O2  conftest.c >&5
configure:8448: $? = 0
configure:8448: result: yes
configure:8707: checking for objdir
configure:8723: result: .libs
configure:8987: checking if cc supports -fno-rtti -fno-exceptions
configure:9006: cc -c -g -O2  -fno-rtti -fno-exceptions conftest.c >&5
cc1: warning: command-line option '-fno-rtti' is valid for C++/D/ObjC++ but not for C
configure:9010: $? = 0
configure:9023: result: no
configure:9387: checking for cc option to produce PIC
configure:9395: result: -fPIC -DPIC
configure:9403: checking if cc PIC flag -fPIC -DPIC works
configure:9422: cc -c -g -O2  -fPIC -DPIC -DPIC conftest.c >&5
configure:9426: $? = 0
configure:9439: result: yes
configure:9468: checking if cc static flag -static works
configure:9497: result: yes
configure:9512: checking if cc supports -c -o file.o
configure:9534: cc -c -g -O2  -o out/conftest2.o conftest.c >&5
configure:9538: $? = 0
configure:9560: result: yes
configure:9568: checking if cc supports -c -o file.o
configure:9616: result: yes
configure:9649: checking whether the cc linker (/usr/bin/ld -m elf_x86_64) supports shared libraries
configure:10923: result: yes
configure:10960: checking whether -lc should be explicitly linked in
configure:10969: cc -c -g -O2  conftest.c >&5
configure:10972: $? = 0
configure:10987: cc -shared  -fPIC -DPIC conftest.o  -v -Wl,-soname -Wl,conftest -o conftest 2\>\&1 \| /usr/bin/grep  -lc  \>/dev/null 2\>\&1
configure:10990: $? = 0
configure:11004: result: no
configure:11164: checking dynamic linker characteristics
configure:11746: cc -o conftest -g -O2   -Wl,-rpath -Wl,/foo conftest.c  >&5
configure:11746: $? = 0
configure:11997: result: GNU/Linux ld.so
configure:12119: checking how to hardcode library paths into programs
configure:12144: result: immediate
configure:12696: checking whether stripping libraries is possible
configure:12705: result: yes
configure:12747: checking if libtool supports shared libraries
configure:12749: result: yes
configure:12752: checking whether to build shared libraries
configure:12777: result: yes
configure:12780: checking whether to build static libraries
configure:12784: result: no
configure:13109: patching config.h.in
configure:13120: creating ./config.status

## ---------------------- ##
## Running config.status. ##
## ---------------------- ##

This file was extended by config.status, which was
generated by GNU Autoconf 2.71.  Invocation command line was

  CONFIG_FILES    = 
  CONFIG_HEADERS  = 
  CONFIG_LINKS    = 
  CONFIG_COMMANDS = 
  $ ./config.status 

on kali

config.status:883: creating config.h
config.status:973: config.h is unchanged
config.status:987: executing libtool commands

## ---------------- ##
## Cache variables. ##
## ---------------- ##

ac_cv_build=x86_64-pc-linux-gnu
ac_cv_c_compiler_gnu=yes
ac_cv_env_CC_set=
ac_cv_env_CC_value=
ac_cv_env_CFLAGS_set=
ac_cv_env_CFLAGS_value=
ac_cv_env_CPPFLAGS_set=
ac_cv_env_CPPFLAGS_value=
ac_cv_env_CPP_set=
ac_cv_env_CPP_value=
ac_cv_env_LDFLAGS_set=
ac_cv_env_LDFLAGS_value=
ac_cv_env_LIBS_set=
ac_cv_env_LIBS_value=
ac_cv_env_LT_SYS_LIBRARY_PATH_set=
ac_cv_env_LT_SYS_LIBRARY_PATH_value=
ac_cv_env_PKG_CONFIG_LIBDIR_set=
ac_cv_env_PKG_CONFIG_LIBDIR_value=
ac_cv_env_PKG_CONFIG_PATH_set=
ac_cv_env_PKG_CONFIG_PATH_value=
ac_cv_env_PKG_CONFIG_set=
ac_cv_env_PKG_CONFIG_value=
ac_cv_env_build_alias_set=
ac_cv_env_build_alias_value=
ac_cv_env_host_alias_set=
ac_cv_env_host_alias_value=
ac_cv_env_target_alias_set=
ac_cv_env_target_alias_value=
ac_cv_header_dlfcn_h=yes
ac_cv_header_inttypes_h=yes
ac_cv_header_stdint_h=yes
ac_cv_header_stdio_h=yes
ac_cv_header_stdlib_h=yes
ac_cv_header_string_h=yes
ac_cv_header_strings_h=yes
ac_cv_header_sys_stat_h=yes
ac_cv_header_sys_types_h=yes
ac_cv_header_unistd_h=yes
ac_cv_host=x86_64-pc-linux-gnu
ac_cv_objext=o
ac_cv_path_EGREP='/usr/bin/grep -E'
ac_cv_path_FGREP='/usr/bin/grep -F'
ac_cv_path_GREP=/usr/bin/grep
ac_cv_path_SED=/usr/bin/sed
ac_cv_path_ac_pt_PKG_CONFIG=/usr/bin/pkg-config
ac_cv_path_lt_DD=/usr/bin/dd
ac_cv_prog_AWK=gawk
ac_cv_prog_CPP='cc -E'
ac_cv_prog_ac_ct_AR=ar
ac_cv_prog_ac_ct_CC=cc
ac_cv_prog_ac_ct_FILECMD=file
ac_cv_prog_ac_ct_MANIFEST_TOOL=mt
ac_cv_prog_ac_ct_OBJDUMP=objdump
ac_cv_prog_ac_ct_RANLIB=ranlib
ac_cv_prog_ac_ct_STRIP=strip
ac_cv_prog_cc_c11=
ac_cv_prog_cc_g=yes
ac_cv_prog_cc_stdc=
ac_cv_target=x86_64-pc-linux-gnu
lt_cv_ar_at_file=@
lt_cv_archive_cmds_need_lc=no
lt_cv_deplibs_check_method=pass_all
lt_cv_file_magic_cmd='$MAGIC_CMD'
lt_cv_file_magic_test_file=
lt_cv_ld_reload_flag=-r
lt_cv_nm_interface='BSD nm'
lt_cv_objdir=.libs
lt_cv_path_LD=/usr/bin/ld
lt_cv_path_NM='/usr/bin/nm -B'
lt_cv_path_mainfest_tool=no
lt_cv_prog_compiler_c_o=yes
lt_cv_prog_compiler_pic='-fPIC -DPIC'
lt_cv_prog_compiler_pic_works=yes
lt_cv_prog_compiler_rtti_exceptions=no
lt_cv_prog_compiler_static_works=yes
lt_cv_prog_gnu_ld=yes
lt_cv_sharedlib_from_linklib_cmd='printf %s\n'
lt_cv_shlibpath_overrides_runpath=yes
lt_cv_sys_global_symbol_pipe='/usr/bin/sed -n -e '\''s/^.*[	 ]\([ABCDGIRSTW][ABCDGIRSTW]*\)[	 ][	 ]*\([_A-Za-z][_A-Za-z0-9]*\)$/\1 \2 \2/p'\'' | /usr/bin/sed '\''/ __gnu_lto/d'\'''
lt_cv_sys_global_symbol_to_c_name_address='/usr/bin/sed -n -e '\''s/^: \(.*\) .*$/  {"\1", (void *) 0},/p'\'' -e '\''s/^[ABCDGIRSTW][ABCDGIRSTW]* .* \(.*\)$/  {"\1", (void *) \&\1},/p'\'''
lt_cv_sys_global_symbol_to_c_name_address_lib_prefix='/usr/bin/sed -n -e '\''s/^: \(.*\) .*$/  {"\1", (void *) 0},/p'\'' -e '\''s/^[ABCDGIRSTW][ABCDGIRSTW]* .* \(lib.*\)$/  {"\1", (void *) \&\1},/p'\'' -e '\''s/^[ABCDGIRSTW][ABCDGIRSTW]* .* \(.*\)$/  {"lib\1", (void *) \&\1},/p'\'''
lt_cv_sys_global_symbol_to_cdecl='/usr/bin/sed -n -e '\''s/^T .* \(.*\)$/extern int \1();/p'\'' -e '\''s/^[ABCDGIRSTW][ABCDGIRSTW]* .* \(.*\)$/extern char \1;/p'\'''
lt_cv_sys_global_symbol_to_import=
lt_cv_sys_max_cmd_len=1572864
lt_cv_to_host_file_cmd=func_convert_file_noop
lt_cv_to_tool_file_cmd=func_convert_file_noop
lt_cv_truncate_bin='/usr/bin/dd bs=4096 count=1'
php_cv_cc_rpath=yes

## ----------------- ##
## Output variables. ##
## ----------------- ##

AR='ar'
AWK='gawk'
BUILD_CC='cc'
CC='cc'
CFLAGS='-g -O2'
CONFIGURE_COMMAND=' '\''./configure'\'' '
CONFIGURE_OPTIONS=''
CPP='cc -E'
CPPFLAGS=' -DHAVE_CONFIG_H'
DEFS='-DHAVE_CONFIG_H'
DLLTOOL='false'
DSYMUTIL=''
DUMPBIN=''
ECHO_C=''
ECHO_N='-n'
ECHO_T=''
EGREP='/usr/bin/grep -E'
EXEEXT=''
FGREP='/usr/bin/grep -F'
FILECMD='file'
GREP='/usr/bin/grep'
LD='/usr/bin/ld -m elf_x86_64'
LDFLAGS=''
LIBOBJS=''
LIBS=''
LIBTOOL='$(SHELL) $(top_builddir)/libtool'
LIPO=''
LN_S='ln -s'
LTLIBOBJS=''
LT_SYS_LIBRARY_PATH=''
MANIFEST_TOOL=':'
NM='/usr/bin/nm -B'
NMEDIT=''
OBJDUMP='objdump'
OBJEXT='o'
OTOOL64=''
OTOOL=''
PACKAGE_BUGREPORT=''
PACKAGE_NAME=''
PACKAGE_STRING=''
PACKAGE_TARNAME=''
PACKAGE_URL=''
PACKAGE_VERSION=''
PATH_SEPARATOR=':'
PKG_CONFIG='/usr/bin/pkg-config'
PKG_CONFIG_LIBDIR=''
PKG_CONFIG_PATH=''
RANLIB='ranlib'
SED='/usr/bin/sed'
SHELL='/bin/bash'
SHLIB_DL_SUFFIX_NAME='so'
SHLIB_SUFFIX_NAME='so'
STRIP='strip'
ac_ct_AR='ar'
ac_ct_CC='cc'
ac_ct_DUMPBIN=''
bindir='${exec_prefix}/bin'
build='x86_64-pc-linux-gnu'
build_alias=''
build_cpu='x86_64'
build_os='linux-gnu'
build_vendor='pc'
datadir='${datarootdir}'
datarootdir='${prefix}/share'
docdir='${datarootdir}/doc/${PACKAGE}'
dvidir='${docdir}'
exec_prefix='$(prefix)'
host='x86_64-pc-linux-gnu'
host_alias='x86_64-pc-linux-gnu'
host_cpu='x86_64'
host_os='linux-gnu'
host_vendor='pc'
htmldir='${docdir}'
includedir='${prefix}/include'
infodir='${datarootdir}/info'
libdir='${exec_prefix}/lib'
libexecdir='${exec_prefix}/libexec'
localedir='${datarootdir}/locale'
localstatedir='${prefix}/var'
mandir='${datarootdir}/man'
oldincludedir='/usr/include'
pdfdir='${docdir}'
prefix='/usr'
program_transform_name='s,x,x,'
psdir='${docdir}'
runstatedir='${localstatedir}/run'
sbindir='${exec_prefix}/sbin'
sharedstatedir='${prefix}/com'
sysconfdir='${prefix}/etc'
target='x86_64-pc-linux-gnu'
target_alias=''
target_cpu='x86_64'
target_os='linux-gnu'
target_vendor='pc'

## ----------- ##
## confdefs.h. ##
## ----------- ##

/* confdefs.h */
#define PACKAGE_NAME ""
#define PACKAGE_TARNAME ""
#define PACKAGE_VERSION ""
#define PACKAGE_STRING ""
#define PACKAGE_BUGREPORT ""
#define PACKAGE_URL ""
#define COMPILE_DL_VLD 1
#define HAVE_STDIO_H 1
#define HAVE_STDLIB_H 1
#define HAVE_STRING_H 1
#define HAVE_INTTYPES_H 1
#define HAVE_STDINT_H 1
#define HAVE_STRINGS_H 1
#define HAVE_SYS_STAT_H 1
#define HAVE_SYS_TYPES_H 1
#define HAVE_UNISTD_H 1
#define STDC_HEADERS 1
#define HAVE_DLFCN_H 1
#define LT_OBJDIR ".libs/"

configure: exit 0
